<?xml version="1.0" encoding="UTF-8"?>
<!-- Generated by org.testng.reporters.JUnitReportReporter -->
<testsuite hostname="DESKTOP-DLJDIS2" failures="0" tests="1" name="Test.New_Post_Test" time="13.544" errors="0" timestamp="2024-07-29T19:59:43 IST" skipped="0">
  <testcase classname="Test.New_Post_Test" name="createpost" time="13.544"/>
  <system-out/>
</testsuite> <!-- Test.New_Post_Test -->
