<?xml version="1.0" encoding="UTF-8"?>
<!-- Generated by org.testng.reporters.JUnitReportReporter -->
<testsuite hostname="DESKTOP-DLJDIS2" failures="0" tests="1" name="Test.Tag_People_Post_Test" time="13.309" errors="0" timestamp="2024-07-29T19:59:43 IST" skipped="0">
  <testcase classname="Test.Tag_People_Post_Test" name="postwithtag" time="13.309"/>
  <system-out/>
</testsuite> <!-- Test.Tag_People_Post_Test -->
