<?xml version="1.0" encoding="UTF-8"?>
<!-- Generated by org.testng.reporters.JUnitReportReporter -->
<testsuite hostname="DESKTOP-DLJDIS2" failures="0" tests="2" name="Test.Follow_Test" time="12.825" errors="0" timestamp="2024-07-29T19:59:43 IST" skipped="0">
  <testcase classname="Test.Follow_Test" name="searchpeople" time="8.114"/>
  <system-out/>
  <testcase classname="Test.Follow_Test" name="followpeople" time="4.711"/>
  <system-out/>
</testsuite> <!-- Test.Follow_Test -->
