<?xml version="1.0" encoding="UTF-8"?>
<!-- Generated by org.testng.reporters.JUnitReportReporter -->
<testsuite hostname="DESKTOP-DLJDIS2" failures="0" tests="2" name="Test.Home_Test" time="10.499" errors="0" timestamp="2024-07-29T19:59:43 IST" skipped="0">
  <testcase classname="Test.Home_Test" name="scroll" time="3.566"/>
  <system-out/>
  <testcase classname="Test.Home_Test" name="checkTitle" time="6.933"/>
  <system-out/>
</testsuite> <!-- Test.Home_Test -->
